C:\SIMBA TECHNOLOGIES\SIMBAENGINESDK\9.5\EXAMPLES\SOURCE\KDBPLUSODBC\SOURCE\X64\DEBUG_MTDLL\QSRESOURCEHELPER.OBJ
C:\SIMBA TECHNOLOGIES\SIMBAENGINESDK\9.5\EXAMPLES\SOURCE\KDBPLUSODBC\SOURCE\X64\DEBUG_MTDLL\QSMAINDIALOG.OBJ
C:\SIMBA TECHNOLOGIES\SIMBAENGINESDK\9.5\EXAMPLES\SOURCE\KDBPLUSODBC\SOURCE\X64\DEBUG_MTDLL\QSLOGGINGDIALOG.OBJ
C:\SIMBA TECHNOLOGIES\SIMBAENGINESDK\9.5\EXAMPLES\SOURCE\KDBPLUSODBC\SOURCE\X64\DEBUG_MTDLL\QSDSNCONFIGURATION.OBJ
C:\SIMBA TECHNOLOGIES\SIMBAENGINESDK\9.5\EXAMPLES\SOURCE\KDBPLUSODBC\SOURCE\X64\DEBUG_MTDLL\QSBASEDIALOG.OBJ
C:\SIMBA TECHNOLOGIES\SIMBAENGINESDK\9.5\EXAMPLES\SOURCE\KDBPLUSODBC\SOURCE\X64\DEBUG_MTDLL\CONFIGDSN.OBJ
C:\SIMBA TECHNOLOGIES\SIMBAENGINESDK\9.5\EXAMPLES\SOURCE\KDBPLUSODBC\SOURCE\X64\DEBUG_MTDLL\MAIN_WINDOWS.OBJ
C:\SIMBA TECHNOLOGIES\SIMBAENGINESDK\9.5\EXAMPLES\SOURCE\KDBPLUSODBC\SOURCE\X64\DEBUG_MTDLL\TABBEDUNICODEFILEREADER.OBJ
C:\SIMBA TECHNOLOGIES\SIMBAENGINESDK\9.5\EXAMPLES\SOURCE\KDBPLUSODBC\SOURCE\X64\DEBUG_MTDLL\QSUTILITIES_WINDOWS.OBJ
C:\SIMBA TECHNOLOGIES\SIMBAENGINESDK\9.5\EXAMPLES\SOURCE\KDBPLUSODBC\SOURCE\X64\DEBUG_MTDLL\QSTYPEINFOMETADATASOURCE.OBJ
C:\SIMBA TECHNOLOGIES\SIMBAENGINESDK\9.5\EXAMPLES\SOURCE\KDBPLUSODBC\SOURCE\X64\DEBUG_MTDLL\QSTABLEUTILITIES.OBJ
C:\SIMBA TECHNOLOGIES\SIMBAENGINESDK\9.5\EXAMPLES\SOURCE\KDBPLUSODBC\SOURCE\X64\DEBUG_MTDLL\QSTABLE.OBJ
C:\SIMBA TECHNOLOGIES\SIMBAENGINESDK\9.5\EXAMPLES\SOURCE\KDBPLUSODBC\SOURCE\X64\DEBUG_MTDLL\QSMETADATAHELPER.OBJ
C:\SIMBA TECHNOLOGIES\SIMBAENGINESDK\9.5\EXAMPLES\SOURCE\KDBPLUSODBC\SOURCE\X64\DEBUG_MTDLL\QSDATAENGINE.OBJ
C:\SIMBA TECHNOLOGIES\SIMBAENGINESDK\9.5\EXAMPLES\SOURCE\KDBPLUSODBC\SOURCE\X64\DEBUG_MTDLL\QSSTATEMENT.OBJ
C:\SIMBA TECHNOLOGIES\SIMBAENGINESDK\9.5\EXAMPLES\SOURCE\KDBPLUSODBC\SOURCE\X64\DEBUG_MTDLL\QSENVIRONMENT.OBJ
C:\SIMBA TECHNOLOGIES\SIMBAENGINESDK\9.5\EXAMPLES\SOURCE\KDBPLUSODBC\SOURCE\X64\DEBUG_MTDLL\QSDRIVER.OBJ
C:\SIMBA TECHNOLOGIES\SIMBAENGINESDK\9.5\EXAMPLES\SOURCE\KDBPLUSODBC\SOURCE\X64\DEBUG_MTDLL\QSCONNECTIONDIALOG.OBJ
C:\SIMBA TECHNOLOGIES\SIMBAENGINESDK\9.5\EXAMPLES\SOURCE\KDBPLUSODBC\SOURCE\X64\DEBUG_MTDLL\QSCONNECTION.OBJ
C:\SIMBA TECHNOLOGIES\SIMBAENGINESDK\9.5\EXAMPLES\SOURCE\KDBPLUSODBC\SOURCE\X64\DEBUG_MTDLL\QSTABLEMETADATAFILE.OBJ
C:\SIMBA TECHNOLOGIES\SIMBAENGINESDK\9.5\EXAMPLES\SOURCE\KDBPLUSODBC\SOURCE\X64\DEBUG_MTDLL\QSTESTRESULTDIALOG.OBJ
C:\SIMBA TECHNOLOGIES\SIMBAENGINESDK\9.5\EXAMPLES\SOURCE\KDBPLUSODBC\SOURCE\X64\DEBUG_MTDLL\QSSETUPEXCEPTION.OBJ
C:\Simba Technologies\SimbaEngineSDK\9.5\Examples\Source\KdbplusODBC\Bin\x64\Debug_MTDLL\KdbplusODBC_Debug_MTDLL.lib
C:\Simba Technologies\SimbaEngineSDK\9.5\Examples\Source\KdbplusODBC\Bin\x64\Debug_MTDLL\KdbplusODBC_Debug_MTDLL.exp
C:\SIMBA TECHNOLOGIES\SIMBAENGINESDK\9.5\EXAMPLES\SOURCE\KDBPLUSODBC\BIN\X64\DEBUG_MTDLL\KDBPLUSODBC_DEBUG_MTDLL.ILK
C:\SIMBA TECHNOLOGIES\SIMBAENGINESDK\9.5\EXAMPLES\SOURCE\KDBPLUSODBC\BIN\X64\DEBUG_MTDLL\KDBPLUSODBC_DEBUG_MTDLL.DLL
C:\SIMBA TECHNOLOGIES\SIMBAENGINESDK\9.5\EXAMPLES\SOURCE\KDBPLUSODBC\BIN\X64\DEBUG_MTDLL\KDBPLUSODBC_DEBUG_MTDLL.PDB
C:\SIMBA TECHNOLOGIES\SIMBAENGINESDK\9.5\EXAMPLES\SOURCE\KDBPLUSODBC\SOURCE\X64\DEBUG_MTDLL\DIALOGS.RES
C:\SIMBA TECHNOLOGIES\SIMBAENGINESDK\9.5\EXAMPLES\SOURCE\KDBPLUSODBC\SOURCE\X64\DEBUG_MTDLL\QUICKSTARTVERSION.RES
C:\Simba Technologies\SimbaEngineSDK\9.5\Examples\Source\KdbplusODBC\Source\x64\Debug_MTDLL\ConfigDSN.obj
C:\Simba Technologies\SimbaEngineSDK\9.5\Examples\Source\KdbplusODBC\Source\x64\Debug_MTDLL\Main_Windows.obj
C:\Simba Technologies\SimbaEngineSDK\9.5\Examples\Source\KdbplusODBC\Source\x64\Debug_MTDLL\QSBaseDialog.obj
C:\Simba Technologies\SimbaEngineSDK\9.5\Examples\Source\KdbplusODBC\Source\x64\Debug_MTDLL\QSConnection.obj
C:\Simba Technologies\SimbaEngineSDK\9.5\Examples\Source\KdbplusODBC\Source\x64\Debug_MTDLL\QSConnectionDialog.obj
C:\Simba Technologies\SimbaEngineSDK\9.5\Examples\Source\KdbplusODBC\Source\x64\Debug_MTDLL\QSDataEngine.obj
C:\Simba Technologies\SimbaEngineSDK\9.5\Examples\Source\KdbplusODBC\Source\x64\Debug_MTDLL\QSDriver.obj
C:\Simba Technologies\SimbaEngineSDK\9.5\Examples\Source\KdbplusODBC\Source\x64\Debug_MTDLL\QSDSNConfiguration.obj
C:\Simba Technologies\SimbaEngineSDK\9.5\Examples\Source\KdbplusODBC\Source\x64\Debug_MTDLL\QSEnvironment.obj
C:\Simba Technologies\SimbaEngineSDK\9.5\Examples\Source\KdbplusODBC\Source\x64\Debug_MTDLL\QSLoggingDialog.obj
C:\Simba Technologies\SimbaEngineSDK\9.5\Examples\Source\KdbplusODBC\Source\x64\Debug_MTDLL\QSMainDialog.obj
C:\Simba Technologies\SimbaEngineSDK\9.5\Examples\Source\KdbplusODBC\Source\x64\Debug_MTDLL\QSMetadataHelper.obj
C:\Simba Technologies\SimbaEngineSDK\9.5\Examples\Source\KdbplusODBC\Source\x64\Debug_MTDLL\QSResourceHelper.obj
C:\Simba Technologies\SimbaEngineSDK\9.5\Examples\Source\KdbplusODBC\Source\x64\Debug_MTDLL\QSSetupException.obj
C:\Simba Technologies\SimbaEngineSDK\9.5\Examples\Source\KdbplusODBC\Source\x64\Debug_MTDLL\QSStatement.obj
C:\Simba Technologies\SimbaEngineSDK\9.5\Examples\Source\KdbplusODBC\Source\x64\Debug_MTDLL\QSTable.obj
C:\Simba Technologies\SimbaEngineSDK\9.5\Examples\Source\KdbplusODBC\Source\x64\Debug_MTDLL\QSTableMetadataFile.obj
C:\Simba Technologies\SimbaEngineSDK\9.5\Examples\Source\KdbplusODBC\Source\x64\Debug_MTDLL\QSTableUtilities.obj
C:\Simba Technologies\SimbaEngineSDK\9.5\Examples\Source\KdbplusODBC\Source\x64\Debug_MTDLL\QSTestResultDialog.obj
C:\Simba Technologies\SimbaEngineSDK\9.5\Examples\Source\KdbplusODBC\Source\x64\Debug_MTDLL\QSTypeInfoMetadataSource.obj
C:\Simba Technologies\SimbaEngineSDK\9.5\Examples\Source\KdbplusODBC\Source\x64\Debug_MTDLL\QSUtilities_Windows.obj
C:\Simba Technologies\SimbaEngineSDK\9.5\Examples\Source\KdbplusODBC\Source\x64\Debug_MTDLL\TabbedUnicodeFileReader.obj
C:\Simba Technologies\SimbaEngineSDK\9.5\Examples\Source\KdbplusODBC\Source\x64\Debug_MTDLL\cl.command.1.tlog
C:\Simba Technologies\SimbaEngineSDK\9.5\Examples\Source\KdbplusODBC\Source\x64\Debug_MTDLL\CL.read.1.tlog
C:\Simba Technologies\SimbaEngineSDK\9.5\Examples\Source\KdbplusODBC\Source\x64\Debug_MTDLL\CL.write.1.tlog
C:\Simba Technologies\SimbaEngineSDK\9.5\Examples\Source\KdbplusODBC\Source\x64\Debug_MTDLL\KdbplusODBC.write.1.tlog
C:\Simba Technologies\SimbaEngineSDK\9.5\Examples\Source\KdbplusODBC\Source\x64\Debug_MTDLL\link-cvtres.read.1.tlog
C:\Simba Technologies\SimbaEngineSDK\9.5\Examples\Source\KdbplusODBC\Source\x64\Debug_MTDLL\link-cvtres.write.1.tlog
C:\Simba Technologies\SimbaEngineSDK\9.5\Examples\Source\KdbplusODBC\Source\x64\Debug_MTDLL\link-rc.read.1.tlog
C:\Simba Technologies\SimbaEngineSDK\9.5\Examples\Source\KdbplusODBC\Source\x64\Debug_MTDLL\link-rc.write.1.tlog
C:\Simba Technologies\SimbaEngineSDK\9.5\Examples\Source\KdbplusODBC\Source\x64\Debug_MTDLL\link.command.1.tlog
C:\Simba Technologies\SimbaEngineSDK\9.5\Examples\Source\KdbplusODBC\Source\x64\Debug_MTDLL\link.read.1.tlog
C:\Simba Technologies\SimbaEngineSDK\9.5\Examples\Source\KdbplusODBC\Source\x64\Debug_MTDLL\link.write.1.tlog
C:\Simba Technologies\SimbaEngineSDK\9.5\Examples\Source\KdbplusODBC\Source\x64\Debug_MTDLL\rc.command.1.tlog
C:\Simba Technologies\SimbaEngineSDK\9.5\Examples\Source\KdbplusODBC\Source\x64\Debug_MTDLL\rc.read.1.tlog
C:\Simba Technologies\SimbaEngineSDK\9.5\Examples\Source\KdbplusODBC\Source\x64\Debug_MTDLL\rc.write.1.tlog
C:\Simba Technologies\SimbaEngineSDK\9.5\Examples\Source\KdbplusODBC\Source\x64\Debug_MTDLL\Dialogs.res
C:\Simba Technologies\SimbaEngineSDK\9.5\Examples\Source\KdbplusODBC\Source\x64\Debug_MTDLL\QuickstartVersion.res
C:\Simba Technologies\SimbaEngineSDK\9.5\Examples\Source\KdbplusODBC\Source\..\Bin\x64\Debug_MTDLL\KdbplusODBC_Debug_MTDLL.dll
